Node index 0 was using temporary node index identifier 1840750336
2020-03-30T16:12:17Z|0|TRACE|0|0|0|INITIALIZING RAL. RAL ID: 0, RAL Host: 127.0.0.1:27935, Network Interface: lo, , Is Single Node, CUDA_VISIBLE_DEVICES is set to: , |||||
2020-03-30T16:12:46Z|0|INFO|39860|0|0|"Query Start
LogicalTableScan(table=[[main, customer]])
"|0.003170||||
2020-03-30T16:12:46Z|0|TRACE|39860|0|0|DataLoader going to load 2 files|||||
2020-03-30T16:12:46Z|0|INFO|39860|0|0|data_loader::load_data part 1 parse|14.760620||||
2020-03-30T16:12:46Z|0|INFO|39860|0|0|data_loader::load_data part 2 concat|0.002500||||
2020-03-30T16:12:46Z|0|INFO|39860|1|1|evaluate_split_query load_data|16.553227|num rows|15000||
2020-03-30T16:12:46Z|0|INFO|39860|1|1|Query Execution Done|16.643817||||
2020-03-30T16:12:54Z|0|INFO|60404|0|0|"Query Start
LogicalTableScan(table=[[main, customer]])
"|0.003300||||
2020-03-30T16:12:54Z|0|TRACE|60404|0|0|DataLoader going to load 2 files|||||
2020-03-30T16:12:54Z|0|INFO|60404|0|0|data_loader::load_data part 1 parse|11.931227||||
2020-03-30T16:12:54Z|0|INFO|60404|0|0|data_loader::load_data part 2 concat|0.003260||||
2020-03-30T16:12:54Z|0|INFO|60404|1|1|evaluate_split_query load_data|13.946692|num rows|15000||
2020-03-30T16:12:54Z|0|INFO|60404|1|1|Query Execution Done|14.046471||||
Node index 0 was using temporary node index identifier 630604424
2020-03-30T16:13:34Z|0|TRACE|0|0|0|INITIALIZING RAL. RAL ID: 0, RAL Host: 127.0.0.1:27340, Network Interface: lo, , Is Single Node, CUDA_VISIBLE_DEVICES is set to: , |||||
Node index 0 was using temporary node index identifier 1302437064
2020-03-30T16:14:30Z|0|TRACE|0|0|0|INITIALIZING RAL. RAL ID: 0, RAL Host: 127.0.0.1:27992, Network Interface: lo, , Is Single Node, CUDA_VISIBLE_DEVICES is set to: , |||||
Node index 0 was using temporary node index identifier -1624579192
2020-03-30T16:14:44Z|0|TRACE|0|0|0|INITIALIZING RAL. RAL ID: 0, RAL Host: 127.0.0.1:15768, Network Interface: lo, , Is Single Node, CUDA_VISIBLE_DEVICES is set to: , |||||
2020-03-30T16:14:45Z|0|INFO|16777|0|0|"Query Start
{"expr": "LogicalJoin(condition=[=($3, $8)], joinType=[inner])", "children": [{"expr": "LogicalTableScan(table=[[main, customer]])", "children": []}, {"expr": "LogicalTableScan(table=[[main, nation]])", "children": []}]}"|0.003920||||
2020-03-30T16:14:45Z|0|INFO|16777|0|0|Query Execution Done|23.955372||||
Node index 0 was using temporary node index identifier 2115335000
2020-03-30T16:14:56Z|0|TRACE|0|0|0|INITIALIZING RAL. RAL ID: 0, RAL Host: 127.0.0.1:25654, Network Interface: lo, , Is Single Node, CUDA_VISIBLE_DEVICES is set to: , |||||
2020-03-30T16:14:56Z|0|INFO|33763|0|0|"Query Start
{"expr": "LogicalJoin(condition=[=($3, $8)], joinType=[inner])", "children": [{"expr": "BindableTableScan(table=[[main, customer]], filters=[[<($0, 10)]])", "children": []}, {"expr": "LogicalTableScan(table=[[main, nation]])", "children": []}]}"|0.002760||||
2020-03-30T16:14:56Z|0|INFO|33763|0|0|Query Execution Done|18.457712||||
